<?xml version="1.0" encoding="UTF-8"?>
<!-- Generated by org.testng.reporters.JUnitReportReporter -->
<testsuite hostname="HT-01.local" failures="0" tests="1" name="automationExerciseTests.PassingOrder" time="102.946" errors="0" timestamp="2023-11-17T22:56:27 CET" skipped="0">
  <testcase classname="automationExerciseTests.PassingOrder" name="PassOrderTest" time="102.946"/>
</testsuite> <!-- automationExerciseTests.PassingOrder -->
